Analysis & Synthesis report for Lab7
Sat Apr 23 09:35:36 2022
Quartus Prime Version 20.1.1 Build 720 11/11/2020 SJ Lite Edition


---------------------
; Table of Contents ;
---------------------
  1. Legal Notice
  2. Analysis & Synthesis Summary
  3. Analysis & Synthesis Settings
  4. Parallel Compilation
  5. Analysis & Synthesis Source Files Read
  6. Analysis & Synthesis Resource Usage Summary
  7. Analysis & Synthesis Resource Utilization by Entity
  8. Registers Removed During Synthesis
  9. General Register Statistics
 10. Port Connectivity Checks: "ALU:fourAdder"
 11. Port Connectivity Checks: "ROM:instructionMemory"
 12. Post-Synthesis Netlist Statistics for Top Partition
 13. Elapsed Time Per Partition
 14. Analysis & Synthesis Messages
 15. Analysis & Synthesis Suppressed Messages



----------------
; Legal Notice ;
----------------
Copyright (C) 2020  Intel Corporation. All rights reserved.
Your use of Intel Corporation's design tools, logic functions 
and other software and tools, and any partner logic 
functions, and any output files from any of the foregoing 
(including device programming or simulation files), and any 
associated documentation or information are expressly subject 
to the terms and conditions of the Intel Program License 
Subscription Agreement, the Intel Quartus Prime License Agreement,
the Intel FPGA IP License Agreement, or other applicable license
agreement, including, without limitation, that your use is for
the sole purpose of programming logic devices manufactured by
Intel and sold by Intel or its authorized distributors.  Please
refer to the applicable agreement for further details, at
https://fpgasoftware.intel.com/eula.



+----------------------------------------------------------------------------------+
; Analysis & Synthesis Summary                                                     ;
+------------------------------------+---------------------------------------------+
; Analysis & Synthesis Status        ; Successful - Sat Apr 23 09:35:36 2022       ;
; Quartus Prime Version              ; 20.1.1 Build 720 11/11/2020 SJ Lite Edition ;
; Revision Name                      ; Lab7                                        ;
; Top-level Entity Name              ; Lab7                                        ;
; Family                             ; MAX 10                                      ;
; Total logic elements               ; 40                                          ;
;     Total combinational functions  ; 40                                          ;
;     Dedicated logic registers      ; 30                                          ;
; Total registers                    ; 30                                          ;
; Total pins                         ; 81                                          ;
; Total virtual pins                 ; 0                                           ;
; Total memory bits                  ; 0                                           ;
; Embedded Multiplier 9-bit elements ; 0                                           ;
; Total PLLs                         ; 0                                           ;
; UFM blocks                         ; 0                                           ;
; ADC blocks                         ; 0                                           ;
+------------------------------------+---------------------------------------------+


+------------------------------------------------------------------------------------------------------------+
; Analysis & Synthesis Settings                                                                              ;
+------------------------------------------------------------------+--------------------+--------------------+
; Option                                                           ; Setting            ; Default Value      ;
+------------------------------------------------------------------+--------------------+--------------------+
; Device                                                           ; 10M50DAF484C6GES   ;                    ;
; Top-level entity name                                            ; Lab7               ; Lab7               ;
; Family name                                                      ; MAX 10             ; Cyclone V          ;
; Use smart compilation                                            ; Off                ; Off                ;
; Enable parallel Assembler and Timing Analyzer during compilation ; On                 ; On                 ;
; Enable compact report table                                      ; Off                ; Off                ;
; Restructure Multiplexers                                         ; Auto               ; Auto               ;
; Create Debugging Nodes for IP Cores                              ; Off                ; Off                ;
; Preserve fewer node names                                        ; On                 ; On                 ;
; Intel FPGA IP Evaluation Mode                                    ; Enable             ; Enable             ;
; Verilog Version                                                  ; Verilog_2001       ; Verilog_2001       ;
; VHDL Version                                                     ; VHDL_1993          ; VHDL_1993          ;
; State Machine Processing                                         ; Auto               ; Auto               ;
; Safe State Machine                                               ; Off                ; Off                ;
; Extract Verilog State Machines                                   ; On                 ; On                 ;
; Extract VHDL State Machines                                      ; On                 ; On                 ;
; Ignore Verilog initial constructs                                ; Off                ; Off                ;
; Iteration limit for constant Verilog loops                       ; 5000               ; 5000               ;
; Iteration limit for non-constant Verilog loops                   ; 250                ; 250                ;
; Add Pass-Through Logic to Inferred RAMs                          ; On                 ; On                 ;
; Infer RAMs from Raw Logic                                        ; On                 ; On                 ;
; Parallel Synthesis                                               ; On                 ; On                 ;
; DSP Block Balancing                                              ; Auto               ; Auto               ;
; NOT Gate Push-Back                                               ; On                 ; On                 ;
; Power-Up Don't Care                                              ; On                 ; On                 ;
; Remove Redundant Logic Cells                                     ; Off                ; Off                ;
; Remove Duplicate Registers                                       ; On                 ; On                 ;
; Ignore CARRY Buffers                                             ; Off                ; Off                ;
; Ignore CASCADE Buffers                                           ; Off                ; Off                ;
; Ignore GLOBAL Buffers                                            ; Off                ; Off                ;
; Ignore ROW GLOBAL Buffers                                        ; Off                ; Off                ;
; Ignore LCELL Buffers                                             ; Off                ; Off                ;
; Ignore SOFT Buffers                                              ; On                 ; On                 ;
; Limit AHDL Integers to 32 Bits                                   ; Off                ; Off                ;
; Optimization Technique                                           ; Balanced           ; Balanced           ;
; Carry Chain Length                                               ; 70                 ; 70                 ;
; Auto Carry Chains                                                ; On                 ; On                 ;
; Auto Open-Drain Pins                                             ; On                 ; On                 ;
; Perform WYSIWYG Primitive Resynthesis                            ; Off                ; Off                ;
; Auto ROM Replacement                                             ; On                 ; On                 ;
; Auto RAM Replacement                                             ; On                 ; On                 ;
; Auto DSP Block Replacement                                       ; On                 ; On                 ;
; Auto Shift Register Replacement                                  ; Auto               ; Auto               ;
; Allow Shift Register Merging across Hierarchies                  ; Auto               ; Auto               ;
; Auto Clock Enable Replacement                                    ; On                 ; On                 ;
; Strict RAM Replacement                                           ; Off                ; Off                ;
; Allow Synchronous Control Signals                                ; On                 ; On                 ;
; Force Use of Synchronous Clear Signals                           ; Off                ; Off                ;
; Auto RAM Block Balancing                                         ; On                 ; On                 ;
; Auto RAM to Logic Cell Conversion                                ; Off                ; Off                ;
; Auto Resource Sharing                                            ; Off                ; Off                ;
; Allow Any RAM Size For Recognition                               ; Off                ; Off                ;
; Allow Any ROM Size For Recognition                               ; Off                ; Off                ;
; Allow Any Shift Register Size For Recognition                    ; Off                ; Off                ;
; Use LogicLock Constraints during Resource Balancing              ; On                 ; On                 ;
; Ignore translate_off and synthesis_off directives                ; Off                ; Off                ;
; Timing-Driven Synthesis                                          ; On                 ; On                 ;
; Report Parameter Settings                                        ; On                 ; On                 ;
; Report Source Assignments                                        ; On                 ; On                 ;
; Report Connectivity Checks                                       ; On                 ; On                 ;
; Ignore Maximum Fan-Out Assignments                               ; Off                ; Off                ;
; Synchronization Register Chain Length                            ; 2                  ; 2                  ;
; Power Optimization During Synthesis                              ; Normal compilation ; Normal compilation ;
; HDL message level                                                ; Level2             ; Level2             ;
; Suppress Register Optimization Related Messages                  ; Off                ; Off                ;
; Number of Removed Registers Reported in Synthesis Report         ; 5000               ; 5000               ;
; Number of Swept Nodes Reported in Synthesis Report               ; 5000               ; 5000               ;
; Number of Inverted Registers Reported in Synthesis Report        ; 100                ; 100                ;
; Clock MUX Protection                                             ; On                 ; On                 ;
; Auto Gated Clock Conversion                                      ; Off                ; Off                ;
; Block Design Naming                                              ; Auto               ; Auto               ;
; SDC constraint protection                                        ; Off                ; Off                ;
; Synthesis Effort                                                 ; Auto               ; Auto               ;
; Shift Register Replacement - Allow Asynchronous Clear Signal     ; On                 ; On                 ;
; Pre-Mapping Resynthesis Optimization                             ; Off                ; Off                ;
; Analysis & Synthesis Message Level                               ; Medium             ; Medium             ;
; Disable Register Merging Across Hierarchies                      ; Auto               ; Auto               ;
; Resource Aware Inference For Block RAM                           ; On                 ; On                 ;
+------------------------------------------------------------------+--------------------+--------------------+


+------------------------------------------+
; Parallel Compilation                     ;
+----------------------------+-------------+
; Processors                 ; Number      ;
+----------------------------+-------------+
; Number detected on machine ; 4           ;
; Maximum allowed            ; 4           ;
;                            ;             ;
; Average used               ; 1.00        ;
; Maximum used               ; 4           ;
;                            ;             ;
; Usage by Processor         ; % Time Used ;
;     Processor 1            ; 100.0%      ;
;     Processors 2-4         ;   0.0%      ;
+----------------------------+-------------+


+--------------------------------------------------------------------------------------------------------------------------------------------------------------------------------+
; Analysis & Synthesis Source Files Read                                                                                                                                         ;
+----------------------------------+-----------------+------------------------+----------------------------------------------------------------------------------------+---------+
; File Name with User-Entered Path ; Used in Netlist ; File Type              ; File Name with Absolute Path                                                           ; Library ;
+----------------------------------+-----------------+------------------------+----------------------------------------------------------------------------------------+---------+
; Lab7.v                           ; yes             ; User Verilog HDL File  ; C:/intelFPGA_lite/Lab 7 (Program Counter and Instruction Decoder)/Lab7.v               ;         ;
; ProgramCounter.v                 ; yes             ; User Verilog HDL File  ; C:/intelFPGA_lite/Lab 7 (Program Counter and Instruction Decoder)/ProgramCounter.v     ;         ;
; InstructionDecoder.v             ; yes             ; User Verilog HDL File  ; C:/intelFPGA_lite/Lab 7 (Program Counter and Instruction Decoder)/InstructionDecoder.v ;         ;
; ALU.v                            ; yes             ; User Verilog HDL File  ; C:/intelFPGA_lite/Lab 7 (Program Counter and Instruction Decoder)/ALU.v                ;         ;
; Mux.v                            ; yes             ; User Verilog HDL File  ; C:/intelFPGA_lite/Lab 7 (Program Counter and Instruction Decoder)/Mux.v                ;         ;
; ROM.v                            ; yes             ; User Verilog HDL File  ; C:/intelFPGA_lite/Lab 7 (Program Counter and Instruction Decoder)/ROM.v                ;         ;
+----------------------------------+-----------------+------------------------+----------------------------------------------------------------------------------------+---------+


+-----------------------------------------------------------------------------+
; Analysis & Synthesis Resource Usage Summary                                 ;
+---------------------------------------------+-------------------------------+
; Resource                                    ; Usage                         ;
+---------------------------------------------+-------------------------------+
; Estimated Total logic elements              ; 40                            ;
;                                             ;                               ;
; Total combinational functions               ; 40                            ;
; Logic element usage by number of LUT inputs ;                               ;
;     -- 4 input functions                    ; 0                             ;
;     -- 3 input functions                    ; 4                             ;
;     -- <=2 input functions                  ; 36                            ;
;                                             ;                               ;
; Logic elements by mode                      ;                               ;
;     -- normal mode                          ; 11                            ;
;     -- arithmetic mode                      ; 29                            ;
;                                             ;                               ;
; Total registers                             ; 30                            ;
;     -- Dedicated logic registers            ; 30                            ;
;     -- I/O registers                        ; 0                             ;
;                                             ;                               ;
; I/O pins                                    ; 81                            ;
;                                             ;                               ;
; Embedded Multiplier 9-bit elements          ; 0                             ;
;                                             ;                               ;
; Maximum fan-out node                        ; ROM:instructionMemory|Mux25~0 ;
; Maximum fan-out                             ; 47                            ;
; Total fan-out                               ; 370                           ;
; Average fan-out                             ; 1.59                          ;
+---------------------------------------------+-------------------------------+


+-----------------------------------------------------------------------------------------------------------------------------------------------------------------------------------------------------------------------------------------------+
; Analysis & Synthesis Resource Utilization by Entity                                                                                                                                                                                           ;
+----------------------------+---------------------+---------------------------+-------------+------------+--------------+---------+-----------+------+--------------+------------+-----------------------------+----------------+--------------+
; Compilation Hierarchy Node ; Combinational ALUTs ; Dedicated Logic Registers ; Memory Bits ; UFM Blocks ; DSP Elements ; DSP 9x9 ; DSP 18x18 ; Pins ; Virtual Pins ; ADC blocks ; Full Hierarchy Name         ; Entity Name    ; Library Name ;
+----------------------------+---------------------+---------------------------+-------------+------------+--------------+---------+-----------+------+--------------+------------+-----------------------------+----------------+--------------+
; |Lab7                      ; 40 (0)              ; 30 (0)                    ; 0           ; 0          ; 0            ; 0       ; 0         ; 81   ; 0            ; 0          ; |Lab7                       ; Lab7           ; work         ;
;    |ProgramCounter:PC|     ; 30 (30)             ; 30 (30)                   ; 0           ; 0          ; 0            ; 0       ; 0         ; 0    ; 0            ; 0          ; |Lab7|ProgramCounter:PC     ; ProgramCounter ; work         ;
;    |ROM:instructionMemory| ; 10 (10)             ; 0 (0)                     ; 0           ; 0          ; 0            ; 0       ; 0         ; 0    ; 0            ; 0          ; |Lab7|ROM:instructionMemory ; ROM            ; work         ;
+----------------------------+---------------------+---------------------------+-------------+------------+--------------+---------+-----------+------+--------------+------------+-----------------------------+----------------+--------------+
Note: For table entries with two numbers listed, the numbers in parentheses indicate the number of resources of the given type used by the specific entity alone. The numbers listed outside of parentheses indicate the total resources of the given type used by the specific entity and all of its sub-entities in the hierarchy.


+--------------------------------------------------------------------------------+
; Registers Removed During Synthesis                                             ;
+---------------------------------------+----------------------------------------+
; Register name                         ; Reason for Removal                     ;
+---------------------------------------+----------------------------------------+
; ProgramCounter:PC|out[1]              ; Merged with ProgramCounter:PC|out[0]   ;
; ProgramCounter:PC|out[0]              ; Stuck at GND due to stuck port data_in ;
; Total Number of Removed Registers = 2 ;                                        ;
+---------------------------------------+----------------------------------------+


+------------------------------------------------------+
; General Register Statistics                          ;
+----------------------------------------------+-------+
; Statistic                                    ; Value ;
+----------------------------------------------+-------+
; Total registers                              ; 30    ;
; Number of registers using Synchronous Clear  ; 30    ;
; Number of registers using Synchronous Load   ; 0     ;
; Number of registers using Asynchronous Clear ; 0     ;
; Number of registers using Asynchronous Load  ; 0     ;
; Number of registers using Clock Enable       ; 0     ;
; Number of registers using Preset             ; 0     ;
+----------------------------------------------+-------+


+---------------------------------------------------+
; Port Connectivity Checks: "ALU:fourAdder"         ;
+-----------------+-------+----------+--------------+
; Port            ; Type  ; Severity ; Details      ;
+-----------------+-------+----------+--------------+
; operand1[31..3] ; Input ; Info     ; Stuck at GND ;
; operand1[1..0]  ; Input ; Info     ; Stuck at GND ;
; operand1[2]     ; Input ; Info     ; Stuck at VCC ;
; funcSel         ; Input ; Info     ; Stuck at GND ;
+-----------------+-------+----------+--------------+


+-----------------------------------------------------------------------------------------------------------------------------------------------------------------------------------------------------------------+
; Port Connectivity Checks: "ROM:instructionMemory"                                                                                                                                                               ;
+---------+-------+----------+------------------------------------------------------------------------------------------------------------------------------------------------------------------------------------+
; Port    ; Type  ; Severity ; Details                                                                                                                                                                            ;
+---------+-------+----------+------------------------------------------------------------------------------------------------------------------------------------------------------------------------------------+
; address ; Input ; Warning  ; Input port expression (32 bits) is wider than the input port (5 bits) it drives.  The 27 most-significant bit(s) in the expression will be dangling if they have no other fanouts. ;
; enable  ; Input ; Info     ; Stuck at VCC                                                                                                                                                                       ;
+---------+-------+----------+------------------------------------------------------------------------------------------------------------------------------------------------------------------------------------+


+-----------------------------------------------------+
; Post-Synthesis Netlist Statistics for Top Partition ;
+-----------------------+-----------------------------+
; Type                  ; Count                       ;
+-----------------------+-----------------------------+
; boundary_port         ; 81                          ;
; cycloneiii_ff         ; 30                          ;
;     SCLR              ; 30                          ;
; cycloneiii_io_obuf    ; 47                          ;
; cycloneiii_lcell_comb ; 41                          ;
;     arith             ; 29                          ;
;         2 data inputs ; 29                          ;
;     normal            ; 12                          ;
;         0 data inputs ; 1                           ;
;         1 data inputs ; 1                           ;
;         2 data inputs ; 6                           ;
;         3 data inputs ; 4                           ;
;                       ;                             ;
; Max LUT depth         ; 3.90                        ;
; Average LUT depth     ; 1.81                        ;
+-----------------------+-----------------------------+


+-------------------------------+
; Elapsed Time Per Partition    ;
+----------------+--------------+
; Partition Name ; Elapsed Time ;
+----------------+--------------+
; Top            ; 00:00:00     ;
+----------------+--------------+


+-------------------------------+
; Analysis & Synthesis Messages ;
+-------------------------------+
Info: *******************************************************************
Info: Running Quartus Prime Analysis & Synthesis
    Info: Version 20.1.1 Build 720 11/11/2020 SJ Lite Edition
    Info: Processing started: Sat Apr 23 09:35:23 2022
Info: Command: quartus_map --read_settings_files=on --write_settings_files=off Lab7 -c Lab7
Warning (18236): Number of processors has not been specified which may cause overloading on shared machines.  Set the global assignment NUM_PARALLEL_PROCESSORS in your QSF to an appropriate value for best performance.
Info (20030): Parallel compilation is enabled and will use 4 of the 4 processors detected
Info (12021): Found 1 design units, including 1 entities, in source file lab7.v
    Info (12023): Found entity 1: Lab7 File: C:/intelFPGA_lite/Lab 7 (Program Counter and Instruction Decoder)/Lab7.v Line: 1
Info (12021): Found 1 design units, including 1 entities, in source file programcounter.v
    Info (12023): Found entity 1: ProgramCounter File: C:/intelFPGA_lite/Lab 7 (Program Counter and Instruction Decoder)/ProgramCounter.v Line: 1
Info (12021): Found 1 design units, including 1 entities, in source file instructiondecoder.v
    Info (12023): Found entity 1: InstructionDecoder File: C:/intelFPGA_lite/Lab 7 (Program Counter and Instruction Decoder)/InstructionDecoder.v Line: 1
Info (12021): Found 1 design units, including 1 entities, in source file lab7_testbench.v
    Info (12023): Found entity 1: Lab7_testbench File: C:/intelFPGA_lite/Lab 7 (Program Counter and Instruction Decoder)/Lab7_testbench.v Line: 1
Info (12021): Found 1 design units, including 1 entities, in source file alu.v
    Info (12023): Found entity 1: ALU File: C:/intelFPGA_lite/Lab 7 (Program Counter and Instruction Decoder)/ALU.v Line: 1
Warning (12090): Entity "Mux" obtained from "Mux.v" instead of from Quartus Prime megafunction library File: C:/intelFPGA_lite/Lab 7 (Program Counter and Instruction Decoder)/Mux.v Line: 1
Info (12021): Found 1 design units, including 1 entities, in source file mux.v
    Info (12023): Found entity 1: Mux File: C:/intelFPGA_lite/Lab 7 (Program Counter and Instruction Decoder)/Mux.v Line: 1
Info (12021): Found 1 design units, including 1 entities, in source file rom.v
    Info (12023): Found entity 1: ROM File: C:/intelFPGA_lite/Lab 7 (Program Counter and Instruction Decoder)/ROM.v Line: 1
Info (12127): Elaborating entity "Lab7" for the top level hierarchy
Info (12128): Elaborating entity "ProgramCounter" for hierarchy "ProgramCounter:PC" File: C:/intelFPGA_lite/Lab 7 (Program Counter and Instruction Decoder)/Lab7.v Line: 18
Info (12128): Elaborating entity "ROM" for hierarchy "ROM:instructionMemory" File: C:/intelFPGA_lite/Lab 7 (Program Counter and Instruction Decoder)/Lab7.v Line: 20
Info (12128): Elaborating entity "InstructionDecoder" for hierarchy "InstructionDecoder:id" File: C:/intelFPGA_lite/Lab 7 (Program Counter and Instruction Decoder)/Lab7.v Line: 22
Info (12128): Elaborating entity "ALU" for hierarchy "ALU:fourAdder" File: C:/intelFPGA_lite/Lab 7 (Program Counter and Instruction Decoder)/Lab7.v Line: 24
Info (12128): Elaborating entity "Mux" for hierarchy "Mux:PCmux" File: C:/intelFPGA_lite/Lab 7 (Program Counter and Instruction Decoder)/Lab7.v Line: 26
Warning (13046): Tri-state node(s) do not directly drive top-level pin(s)
    Warning (13049): Converted tri-state buffer "comb~synth" feeding internal logic into a wire
    Warning (13049): Converted tri-state buffer "comb~synth" feeding internal logic into a wire
    Warning (13049): Converted tri-state buffer "comb~synth" feeding internal logic into a wire
    Warning (13049): Converted tri-state buffer "comb~synth" feeding internal logic into a wire
    Warning (13049): Converted tri-state buffer "comb~synth" feeding internal logic into a wire
    Warning (13049): Converted tri-state buffer "comb~synth" feeding internal logic into a wire
    Warning (13049): Converted tri-state buffer "comb~synth" feeding internal logic into a wire
    Warning (13049): Converted tri-state buffer "comb~synth" feeding internal logic into a wire
    Warning (13049): Converted tri-state buffer "comb~synth" feeding internal logic into a wire
    Warning (13049): Converted tri-state buffer "comb~synth" feeding internal logic into a wire
    Warning (13049): Converted tri-state buffer "comb~synth" feeding internal logic into a wire
    Warning (13049): Converted tri-state buffer "comb~synth" feeding internal logic into a wire
    Warning (13049): Converted tri-state buffer "comb~synth" feeding internal logic into a wire
    Warning (13049): Converted tri-state buffer "comb~synth" feeding internal logic into a wire
    Warning (13049): Converted tri-state buffer "comb~synth" feeding internal logic into a wire
    Warning (13049): Converted tri-state buffer "comb~synth" feeding internal logic into a wire
    Warning (13049): Converted tri-state buffer "comb~synth" feeding internal logic into a wire
    Warning (13049): Converted tri-state buffer "comb~synth" feeding internal logic into a wire
    Warning (13049): Converted tri-state buffer "comb~synth" feeding internal logic into a wire
    Warning (13049): Converted tri-state buffer "comb~synth" feeding internal logic into a wire
    Warning (13049): Converted tri-state buffer "comb~synth" feeding internal logic into a wire
    Warning (13049): Converted tri-state buffer "comb~synth" feeding internal logic into a wire
    Warning (13049): Converted tri-state buffer "comb~synth" feeding internal logic into a wire
    Warning (13049): Converted tri-state buffer "comb~synth" feeding internal logic into a wire
    Warning (13049): Converted tri-state buffer "comb~synth" feeding internal logic into a wire
    Warning (13049): Converted tri-state buffer "comb~synth" feeding internal logic into a wire
    Warning (13049): Converted tri-state buffer "comb~synth" feeding internal logic into a wire
    Warning (13049): Converted tri-state buffer "comb~synth" feeding internal logic into a wire
    Warning (13049): Converted tri-state buffer "comb~synth" feeding internal logic into a wire
    Warning (13049): Converted tri-state buffer "comb~synth" feeding internal logic into a wire
    Warning (13049): Converted tri-state buffer "comb~synth" feeding internal logic into a wire
    Warning (13049): Converted tri-state buffer "comb~synth" feeding internal logic into a wire
    Warning (13049): Converted tri-state buffer "ALU:fourAdder|out[0]" feeding internal logic into a wire File: C:/intelFPGA_lite/Lab 7 (Program Counter and Instruction Decoder)/ALU.v Line: 5
    Warning (13049): Converted tri-state buffer "ALU:fourAdder|out[1]" feeding internal logic into a wire File: C:/intelFPGA_lite/Lab 7 (Program Counter and Instruction Decoder)/ALU.v Line: 5
    Warning (13049): Converted tri-state buffer "ALU:fourAdder|out[2]" feeding internal logic into a wire File: C:/intelFPGA_lite/Lab 7 (Program Counter and Instruction Decoder)/ALU.v Line: 5
    Warning (13049): Converted tri-state buffer "ALU:fourAdder|out[3]" feeding internal logic into a wire File: C:/intelFPGA_lite/Lab 7 (Program Counter and Instruction Decoder)/ALU.v Line: 5
    Warning (13049): Converted tri-state buffer "ALU:fourAdder|out[4]" feeding internal logic into a wire File: C:/intelFPGA_lite/Lab 7 (Program Counter and Instruction Decoder)/ALU.v Line: 5
    Warning (13049): Converted tri-state buffer "ALU:fourAdder|out[5]" feeding internal logic into a wire File: C:/intelFPGA_lite/Lab 7 (Program Counter and Instruction Decoder)/ALU.v Line: 5
    Warning (13049): Converted tri-state buffer "ALU:fourAdder|out[6]" feeding internal logic into a wire File: C:/intelFPGA_lite/Lab 7 (Program Counter and Instruction Decoder)/ALU.v Line: 5
    Warning (13049): Converted tri-state buffer "ALU:fourAdder|out[7]" feeding internal logic into a wire File: C:/intelFPGA_lite/Lab 7 (Program Counter and Instruction Decoder)/ALU.v Line: 5
    Warning (13049): Converted tri-state buffer "ALU:fourAdder|out[8]" feeding internal logic into a wire File: C:/intelFPGA_lite/Lab 7 (Program Counter and Instruction Decoder)/ALU.v Line: 5
    Warning (13049): Converted tri-state buffer "ALU:fourAdder|out[9]" feeding internal logic into a wire File: C:/intelFPGA_lite/Lab 7 (Program Counter and Instruction Decoder)/ALU.v Line: 5
    Warning (13049): Converted tri-state buffer "ALU:fourAdder|out[10]" feeding internal logic into a wire File: C:/intelFPGA_lite/Lab 7 (Program Counter and Instruction Decoder)/ALU.v Line: 5
    Warning (13049): Converted tri-state buffer "ALU:fourAdder|out[11]" feeding internal logic into a wire File: C:/intelFPGA_lite/Lab 7 (Program Counter and Instruction Decoder)/ALU.v Line: 5
    Warning (13049): Converted tri-state buffer "ALU:fourAdder|out[12]" feeding internal logic into a wire File: C:/intelFPGA_lite/Lab 7 (Program Counter and Instruction Decoder)/ALU.v Line: 5
    Warning (13049): Converted tri-state buffer "ALU:fourAdder|out[13]" feeding internal logic into a wire File: C:/intelFPGA_lite/Lab 7 (Program Counter and Instruction Decoder)/ALU.v Line: 5
    Warning (13049): Converted tri-state buffer "ALU:fourAdder|out[14]" feeding internal logic into a wire File: C:/intelFPGA_lite/Lab 7 (Program Counter and Instruction Decoder)/ALU.v Line: 5
    Warning (13049): Converted tri-state buffer "ALU:fourAdder|out[15]" feeding internal logic into a wire File: C:/intelFPGA_lite/Lab 7 (Program Counter and Instruction Decoder)/ALU.v Line: 5
    Warning (13049): Converted tri-state buffer "ALU:fourAdder|out[16]" feeding internal logic into a wire File: C:/intelFPGA_lite/Lab 7 (Program Counter and Instruction Decoder)/ALU.v Line: 5
    Warning (13049): Converted tri-state buffer "ALU:fourAdder|out[17]" feeding internal logic into a wire File: C:/intelFPGA_lite/Lab 7 (Program Counter and Instruction Decoder)/ALU.v Line: 5
    Warning (13049): Converted tri-state buffer "ALU:fourAdder|out[18]" feeding internal logic into a wire File: C:/intelFPGA_lite/Lab 7 (Program Counter and Instruction Decoder)/ALU.v Line: 5
    Warning (13049): Converted tri-state buffer "ALU:fourAdder|out[19]" feeding internal logic into a wire File: C:/intelFPGA_lite/Lab 7 (Program Counter and Instruction Decoder)/ALU.v Line: 5
    Warning (13049): Converted tri-state buffer "ALU:fourAdder|out[20]" feeding internal logic into a wire File: C:/intelFPGA_lite/Lab 7 (Program Counter and Instruction Decoder)/ALU.v Line: 5
    Warning (13049): Converted tri-state buffer "ALU:fourAdder|out[21]" feeding internal logic into a wire File: C:/intelFPGA_lite/Lab 7 (Program Counter and Instruction Decoder)/ALU.v Line: 5
    Warning (13049): Converted tri-state buffer "ALU:fourAdder|out[22]" feeding internal logic into a wire File: C:/intelFPGA_lite/Lab 7 (Program Counter and Instruction Decoder)/ALU.v Line: 5
    Warning (13049): Converted tri-state buffer "ALU:fourAdder|out[23]" feeding internal logic into a wire File: C:/intelFPGA_lite/Lab 7 (Program Counter and Instruction Decoder)/ALU.v Line: 5
    Warning (13049): Converted tri-state buffer "ALU:fourAdder|out[24]" feeding internal logic into a wire File: C:/intelFPGA_lite/Lab 7 (Program Counter and Instruction Decoder)/ALU.v Line: 5
    Warning (13049): Converted tri-state buffer "ALU:fourAdder|out[25]" feeding internal logic into a wire File: C:/intelFPGA_lite/Lab 7 (Program Counter and Instruction Decoder)/ALU.v Line: 5
    Warning (13049): Converted tri-state buffer "ALU:fourAdder|out[26]" feeding internal logic into a wire File: C:/intelFPGA_lite/Lab 7 (Program Counter and Instruction Decoder)/ALU.v Line: 5
    Warning (13049): Converted tri-state buffer "ALU:fourAdder|out[27]" feeding internal logic into a wire File: C:/intelFPGA_lite/Lab 7 (Program Counter and Instruction Decoder)/ALU.v Line: 5
    Warning (13049): Converted tri-state buffer "ALU:fourAdder|out[28]" feeding internal logic into a wire File: C:/intelFPGA_lite/Lab 7 (Program Counter and Instruction Decoder)/ALU.v Line: 5
    Warning (13049): Converted tri-state buffer "ALU:fourAdder|out[29]" feeding internal logic into a wire File: C:/intelFPGA_lite/Lab 7 (Program Counter and Instruction Decoder)/ALU.v Line: 5
    Warning (13049): Converted tri-state buffer "ALU:fourAdder|out[30]" feeding internal logic into a wire File: C:/intelFPGA_lite/Lab 7 (Program Counter and Instruction Decoder)/ALU.v Line: 5
    Warning (13049): Converted tri-state buffer "ALU:fourAdder|out[31]" feeding internal logic into a wire File: C:/intelFPGA_lite/Lab 7 (Program Counter and Instruction Decoder)/ALU.v Line: 5
Warning (12241): 1 hierarchies have connectivity warnings - see the Connectivity Checks report folder
Warning (13024): Output pins are stuck at VCC or GND
    Warning (13410): Pin "currentPC[0]" is stuck at GND File: C:/intelFPGA_lite/Lab 7 (Program Counter and Instruction Decoder)/Lab7.v Line: 10
    Warning (13410): Pin "currentPC[1]" is stuck at GND File: C:/intelFPGA_lite/Lab 7 (Program Counter and Instruction Decoder)/Lab7.v Line: 10
Info (286030): Timing-Driven Synthesis is running
Info (144001): Generated suppressed messages file C:/intelFPGA_lite/Lab 7 (Program Counter and Instruction Decoder)/output_files/Lab7.map.smsg
Info (16010): Generating hard_block partition "hard_block:auto_generated_inst"
    Info (16011): Adding 0 node(s), including 0 DDIO, 0 PLL, 0 transceiver and 0 LCELL
Info (21057): Implemented 121 device resources after synthesis - the final resource count might be different
    Info (21058): Implemented 2 input pins
    Info (21059): Implemented 79 output pins
    Info (21061): Implemented 40 logic cells
Info: Quartus Prime Analysis & Synthesis was successful. 0 errors, 71 warnings
    Info: Peak virtual memory: 4760 megabytes
    Info: Processing ended: Sat Apr 23 09:35:36 2022
    Info: Elapsed time: 00:00:13
    Info: Total CPU time (on all processors): 00:00:25


+------------------------------------------+
; Analysis & Synthesis Suppressed Messages ;
+------------------------------------------+
The suppressed messages can be found in C:/intelFPGA_lite/Lab 7 (Program Counter and Instruction Decoder)/output_files/Lab7.map.smsg.


